Compiling the C compiler identification source file "CMakeCCompilerId.c" failed.
Compiler: /usr/local/bin/arm-none-eabi-gcc 
Build flags: 
Id flags:  

The output was:
1
/usr/local/Cellar/arm-none-eabi-gcc/9-2019-q4-major/gcc/bin/../lib/gcc/arm-none-eabi/9.2.1/../../../../arm-none-eabi/bin/ld: /usr/local/Cellar/arm-none-eabi-gcc/9-2019-q4-major/gcc/bin/../lib/gcc/arm-none-eabi/9.2.1/../../../../arm-none-eabi/lib/libc.a(lib_a-exit.o): in function `exit':
exit.c:(.text.exit+0x2c): undefined reference to `_exit'
collect2: error: ld returned 1 exit status


Compiling the CXX compiler identification source file "CMakeCXXCompilerId.cpp" failed.
Compiler: /usr/local/bin/arm-none-eabi-g++ 
Build flags: 
Id flags:  

The output was:
1
/usr/local/Cellar/arm-none-eabi-gcc/9-2019-q4-major/gcc/bin/../lib/gcc/arm-none-eabi/9.2.1/../../../../arm-none-eabi/bin/ld: /usr/local/Cellar/arm-none-eabi-gcc/9-2019-q4-major/gcc/bin/../lib/gcc/arm-none-eabi/9.2.1/../../../../arm-none-eabi/lib/libc.a(lib_a-exit.o): in function `exit':
exit.c:(.text.exit+0x2c): undefined reference to `_exit'
collect2: error: ld returned 1 exit status


Compiling the C compiler identification source file "CMakeCCompilerId.c" failed.
Compiler: /opt/homebrew/bin/arm-none-eabi-gcc 
Build flags: 
Id flags:  

The output was:
1
/opt/homebrew/Cellar/arm-none-eabi-gcc/9-2019-q4-major/gcc/bin/../lib/gcc/arm-none-eabi/9.2.1/../../../../arm-none-eabi/bin/ld: /opt/homebrew/Cellar/arm-none-eabi-gcc/9-2019-q4-major/gcc/bin/../lib/gcc/arm-none-eabi/9.2.1/../../../../arm-none-eabi/lib/libc.a(lib_a-exit.o): in function `exit':
exit.c:(.text.exit+0x2c): undefined reference to `_exit'
collect2: error: ld returned 1 exit status


Compiling the CXX compiler identification source file "CMakeCXXCompilerId.cpp" failed.
Compiler: /opt/homebrew/bin/arm-none-eabi-g++ 
Build flags: 
Id flags:  

The output was:
1
/opt/homebrew/Cellar/arm-none-eabi-gcc/9-2019-q4-major/gcc/bin/../lib/gcc/arm-none-eabi/9.2.1/../../../../arm-none-eabi/bin/ld: /opt/homebrew/Cellar/arm-none-eabi-gcc/9-2019-q4-major/gcc/bin/../lib/gcc/arm-none-eabi/9.2.1/../../../../arm-none-eabi/lib/libc.a(lib_a-exit.o): in function `exit':
exit.c:(.text.exit+0x2c): undefined reference to `_exit'
collect2: error: ld returned 1 exit status


Detecting C compiler ABI info failed to compile with the following output:
Change Dir: /Users/jason/CLionProjects/untitled3/Project123/cmake-build-debug/CMakeFiles/CMakeTmp

Run Build Command(s):/usr/bin/make cmTC_5a94d/fast && /Library/Developer/CommandLineTools/usr/bin/make  -f CMakeFiles/cmTC_5a94d.dir/build.make CMakeFiles/cmTC_5a94d.dir/build
Building C object CMakeFiles/cmTC_5a94d.dir/CMakeCCompilerABI.c.obj
/opt/homebrew/bin/arm-none-eabi-gcc   -v -o CMakeFiles/cmTC_5a94d.dir/CMakeCCompilerABI.c.obj -c "/Users/jason/Library/Application Support/JetBrains/Toolbox/apps/CLion-ARM/ch-0/211.6693.114/CLion.app/Contents/bin/cmake/mac/share/cmake-3.19/Modules/CMakeCCompilerABI.c"
Using built-in specs.
COLLECT_GCC=/opt/homebrew/bin/arm-none-eabi-gcc
Target: arm-none-eabi
Configured with: /tmp/jenkins-GCC-9-pipeline-100_20191030_1572397548/src/gcc/configure --target=arm-none-eabi --prefix=/tmp/jenkins-GCC-9-pipeline-100_20191030_1572397548/install-native --libexecdir=/tmp/jenkins-GCC-9-pipeline-100_20191030_1572397548/install-native/lib --infodir=/tmp/jenkins-GCC-9-pipeline-100_20191030_1572397548/install-native/share/doc/gcc-arm-none-eabi/info --mandir=/tmp/jenkins-GCC-9-pipeline-100_20191030_1572397548/install-native/share/doc/gcc-arm-none-eabi/man --htmldir=/tmp/jenkins-GCC-9-pipeline-100_20191030_1572397548/install-native/share/doc/gcc-arm-none-eabi/html --pdfdir=/tmp/jenkins-GCC-9-pipeline-100_20191030_1572397548/install-native/share/doc/gcc-arm-none-eabi/pdf --enable-languages=c,c++ --enable-plugins --disable-decimal-float --disable-libffi --disable-libgomp --disable-libmudflap --disable-libquadmath --disable-libssp --disable-libstdcxx-pch --disable-nls --disable-shared --disable-threads --disable-tls --with-gnu-as --with-gnu-ld --with-newlib --with-headers=yes --with-python-dir=share/gcc-arm-none-eabi --with-sysroot=/tmp/jenkins-GCC-9-pipeline-100_20191030_1572397548/install-native/arm-none-eabi --build=x86_64-apple-darwin10 --host=x86_64-apple-darwin10 --with-gmp=/tmp/jenkins-GCC-9-pipeline-100_20191030_1572397548/build-native/host-libs/usr --with-mpfr=/tmp/jenkins-GCC-9-pipeline-100_20191030_1572397548/build-native/host-libs/usr --with-mpc=/tmp/jenkins-GCC-9-pipeline-100_20191030_1572397548/build-native/host-libs/usr --with-isl=/tmp/jenkins-GCC-9-pipeline-100_20191030_1572397548/build-native/host-libs/usr --with-libelf=/tmp/jenkins-GCC-9-pipeline-100_20191030_1572397548/build-native/host-libs/usr --with-host-libstdcxx='-static-libgcc -Wl,-lstdc++ -lm' --with-pkgversion='GNU Tools for Arm Embedded Processors 9-2019-q4-major' --with-multilib-list=rmprofile
Thread model: single
gcc version 9.2.1 20191025 (release) [ARM/arm-9-branch revision 277599] (GNU Tools for Arm Embedded Processors 9-2019-q4-major) 
COLLECT_GCC_OPTIONS='-v' '-o' 'CMakeFiles/cmTC_5a94d.dir/CMakeCCompilerABI.c.obj' '-c' '-mcpu=arm7tdmi' '-mfloat-abi=soft' '-marm' '-march=armv4t'
 /opt/homebrew/Cellar/arm-none-eabi-gcc/9-2019-q4-major/gcc/bin/../lib/gcc/arm-none-eabi/9.2.1/cc1 -quiet -v -iprefix /opt/homebrew/Cellar/arm-none-eabi-gcc/9-2019-q4-major/gcc/bin/../lib/gcc/arm-none-eabi/9.2.1/ -isysroot /opt/homebrew/Cellar/arm-none-eabi-gcc/9-2019-q4-major/gcc/bin/../arm-none-eabi -D__USES_INITFINI__ /Users/jason/Library/Application Support/JetBrains/Toolbox/apps/CLion-ARM/ch-0/211.6693.114/CLion.app/Contents/bin/cmake/mac/share/cmake-3.19/Modules/CMakeCCompilerABI.c -quiet -dumpbase CMakeCCompilerABI.c -mcpu=arm7tdmi -mfloat-abi=soft -marm -march=armv4t -auxbase-strip CMakeFiles/cmTC_5a94d.dir/CMakeCCompilerABI.c.obj -version -o /var/folders/c8/9nss7y0n0r194r6xt7mtb4th0000gn/T//ccnKWzaj.s
GNU C17 (GNU Tools for Arm Embedded Processors 9-2019-q4-major) version 9.2.1 20191025 (release) [ARM/arm-9-branch revision 277599] (arm-none-eabi)
	compiled by GNU C version 4.2.1 Compatible Apple LLVM 9.0.0 (clang-900.0.39.2), GMP version 6.1.0, MPFR version 3.1.4, MPC version 1.0.3, isl version isl-0.18-GMP

GGC heuristics: --param ggc-min-expand=100 --param ggc-min-heapsize=131072
ignoring duplicate directory "/opt/homebrew/Cellar/arm-none-eabi-gcc/9-2019-q4-major/gcc/bin/../lib/gcc/../../lib/gcc/arm-none-eabi/9.2.1/include"
ignoring nonexistent directory "/opt/homebrew/Cellar/arm-none-eabi-gcc/9-2019-q4-major/gcc/bin/../arm-none-eabi/usr/local/include"
ignoring duplicate directory "/opt/homebrew/Cellar/arm-none-eabi-gcc/9-2019-q4-major/gcc/bin/../lib/gcc/../../lib/gcc/arm-none-eabi/9.2.1/include-fixed"
ignoring duplicate directory "/opt/homebrew/Cellar/arm-none-eabi-gcc/9-2019-q4-major/gcc/bin/../lib/gcc/../../lib/gcc/arm-none-eabi/9.2.1/../../../../arm-none-eabi/include"
ignoring nonexistent directory "/opt/homebrew/Cellar/arm-none-eabi-gcc/9-2019-q4-major/gcc/bin/../arm-none-eabi/usr/include"
#include "..." search starts here:
#include <...> search starts here:
 /opt/homebrew/Cellar/arm-none-eabi-gcc/9-2019-q4-major/gcc/bin/../lib/gcc/arm-none-eabi/9.2.1/include
 /opt/homebrew/Cellar/arm-none-eabi-gcc/9-2019-q4-major/gcc/bin/../lib/gcc/arm-none-eabi/9.2.1/include-fixed
 /opt/homebrew/Cellar/arm-none-eabi-gcc/9-2019-q4-major/gcc/bin/../lib/gcc/arm-none-eabi/9.2.1/../../../../arm-none-eabi/include
End of search list.
GNU C17 (GNU Tools for Arm Embedded Processors 9-2019-q4-major) version 9.2.1 20191025 (release) [ARM/arm-9-branch revision 277599] (arm-none-eabi)
	compiled by GNU C version 4.2.1 Compatible Apple LLVM 9.0.0 (clang-900.0.39.2), GMP version 6.1.0, MPFR version 3.1.4, MPC version 1.0.3, isl version isl-0.18-GMP

GGC heuristics: --param ggc-min-expand=100 --param ggc-min-heapsize=131072
Compiler executable checksum: db2377360e540a6b416884f1a3d4ba85
COLLECT_GCC_OPTIONS='-v' '-o' 'CMakeFiles/cmTC_5a94d.dir/CMakeCCompilerABI.c.obj' '-c' '-mcpu=arm7tdmi' '-mfloat-abi=soft' '-marm' '-march=armv4t'
 /opt/homebrew/Cellar/arm-none-eabi-gcc/9-2019-q4-major/gcc/bin/../lib/gcc/arm-none-eabi/9.2.1/../../../../arm-none-eabi/bin/as -v -march=armv4t -mfloat-abi=soft -meabi=5 -o CMakeFiles/cmTC_5a94d.dir/CMakeCCompilerABI.c.obj /var/folders/c8/9nss7y0n0r194r6xt7mtb4th0000gn/T//ccnKWzaj.s
GNU assembler version 2.33.1 (arm-none-eabi) using BFD version (GNU Tools for Arm Embedded Processors 9-2019-q4-major) 2.33.1.20191025
COMPILER_PATH=/opt/homebrew/Cellar/arm-none-eabi-gcc/9-2019-q4-major/gcc/bin/../lib/gcc/arm-none-eabi/9.2.1/:/opt/homebrew/Cellar/arm-none-eabi-gcc/9-2019-q4-major/gcc/bin/../lib/gcc/:/opt/homebrew/Cellar/arm-none-eabi-gcc/9-2019-q4-major/gcc/bin/../lib/gcc/arm-none-eabi/9.2.1/../../../../arm-none-eabi/bin/
LIBRARY_PATH=/opt/homebrew/Cellar/arm-none-eabi-gcc/9-2019-q4-major/gcc/bin/../lib/gcc/arm-none-eabi/9.2.1/:/opt/homebrew/Cellar/arm-none-eabi-gcc/9-2019-q4-major/gcc/bin/../lib/gcc/:/opt/homebrew/Cellar/arm-none-eabi-gcc/9-2019-q4-major/gcc/bin/../lib/gcc/arm-none-eabi/9.2.1/../../../../arm-none-eabi/lib/:/opt/homebrew/Cellar/arm-none-eabi-gcc/9-2019-q4-major/gcc/bin/../arm-none-eabi/lib/
COLLECT_GCC_OPTIONS='-v' '-o' 'CMakeFiles/cmTC_5a94d.dir/CMakeCCompilerABI.c.obj' '-c' '-mcpu=arm7tdmi' '-mfloat-abi=soft' '-marm' '-march=armv4t'
Linking C static library libcmTC_5a94d.a
"/Users/jason/Library/Application Support/JetBrains/Toolbox/apps/CLion-ARM/ch-0/211.6693.114/CLion.app/Contents/bin/cmake/mac/bin/cmake" -P CMakeFiles/cmTC_5a94d.dir/cmake_clean_target.cmake
"/Users/jason/Library/Application Support/JetBrains/Toolbox/apps/CLion-ARM/ch-0/211.6693.114/CLion.app/Contents/bin/cmake/mac/bin/cmake" -E cmake_link_script CMakeFiles/cmTC_5a94d.dir/link.txt --verbose=1
arm-none-eabi-ar qc libcmTC_5a94d.a CMakeFiles/cmTC_5a94d.dir/CMakeCCompilerABI.c.obj
/usr/local/bin/arm-none-eabi-ranlib libcmTC_5a94d.a
Error running link command: No such file or directory
make[1]: *** [libcmTC_5a94d.a] Error 2
make[1]: *** Deleting file `libcmTC_5a94d.a'
make: *** [cmTC_5a94d/fast] Error 2




Determining if the C compiler works failed with the following output:
Change Dir: /Users/jason/CLionProjects/untitled3/Project123/cmake-build-debug/CMakeFiles/CMakeTmp

Run Build Command(s):/usr/bin/make cmTC_4839c/fast && /Library/Developer/CommandLineTools/usr/bin/make  -f CMakeFiles/cmTC_4839c.dir/build.make CMakeFiles/cmTC_4839c.dir/build
Building C object CMakeFiles/cmTC_4839c.dir/testCCompiler.c.obj
/opt/homebrew/bin/arm-none-eabi-gcc    -o CMakeFiles/cmTC_4839c.dir/testCCompiler.c.obj -c /Users/jason/CLionProjects/untitled3/Project123/cmake-build-debug/CMakeFiles/CMakeTmp/testCCompiler.c
Linking C static library libcmTC_4839c.a
"/Users/jason/Library/Application Support/JetBrains/Toolbox/apps/CLion-ARM/ch-0/211.6693.114/CLion.app/Contents/bin/cmake/mac/bin/cmake" -P CMakeFiles/cmTC_4839c.dir/cmake_clean_target.cmake
"/Users/jason/Library/Application Support/JetBrains/Toolbox/apps/CLion-ARM/ch-0/211.6693.114/CLion.app/Contents/bin/cmake/mac/bin/cmake" -E cmake_link_script CMakeFiles/cmTC_4839c.dir/link.txt --verbose=1
arm-none-eabi-ar qc libcmTC_4839c.a CMakeFiles/cmTC_4839c.dir/testCCompiler.c.obj
/usr/local/bin/arm-none-eabi-ranlib libcmTC_4839c.a
Error running link command: No such file or directory
make[1]: *** [libcmTC_4839c.a] Error 2
make[1]: *** Deleting file `libcmTC_4839c.a'
make: *** [cmTC_4839c/fast] Error 2



